<?xml version="1.0" encoding="UTF-8"?>
<!-- Generated by org.testng.reporters.JUnitReportReporter -->
<testsuite hostname="DESKTOP-S0MJP0C" failures="0" tests="1" name="testcases.LoginTest" time="50.091" errors="0" timestamp="2023-06-23T23:15:38 IST" skipped="0">
  <testcase classname="testcases.LoginTest" name="LoginIntopApplication" time="50.091"/>
</testsuite> <!-- testcases.LoginTest -->
