<?xml version="1.0" encoding="UTF-8"?>
<!-- Generated by org.testng.reporters.JUnitReportReporter -->
<testsuite hostname="G09INXNN36823X1" failures="0" tests="1" name="testcases.SignupTest" time="6.364" errors="0" timestamp="2023-06-23T18:05:36 IST" skipped="0">
  <testcase classname="testcases.SignupTest" name="signUpApplication" time="6.364"/>
</testsuite> <!-- testcases.SignupTest -->
